10.0
20.0
28.0
12.0
16.0
13.0
13.0
25.0
12.0
15.0
25.0
36.0
11.0
24.0
18.0
15.0
19.0
22.0
34.0
36.0
16.0
22.0
13.0
17.0
12.0
118.0
19.0
26.0
23.0
22.0
37.0
44.0
13.0
15.0
23.0
13.0
13.0
23.0
29.0
10.0
10.0
18.0
15.0
56.0
37.0
38.0
14.0
34.0
13.0
18.0
16.0
25.0
32.0
10.0
20.0
15.0
21.0
36.0
45.0
23.0
14.0
12.0
12.0
10.0
32.0
18.0
9.0
11.0
36.0
11.0
14.0
15.0
14.0
24.0
18.0
11.0
35.0
49.0
27.0
13.0
19.0
25.0
28.0
13.0
17.0
17.0
37.0
84.0
22.0
19.0
14.0
17.0
18.0
9.0
24.0
31.0
19.0
31.0
35.0
15.0
21.0
16.0
9.0
12.0
73.0
22.0
13.0
14.0
10.0
22.0
49.0
29.0
37.0
14.0
13.0
20.0
148.0
19.0
200.0
200.0
200.0
200.0
200.0
200.0
118.0
30.0
118.0
186.0
12.0
200.0
200.0
53.0
12.0
26.0
54.0
35.0
11.0
78.0
143.0
9.0
24.0
33.0
36.0
200.0
57.0
10.0
200.0
26.0
20.0
200.0
16.0
31.0
63.0
15.0
200.0
200.0
200.0
200.0
200.0
200.0
200.0
200.0
200.0
200.0
200.0
172.0
12.0
37.0
118.0
9.0
200.0
200.0
200.0
200.0
200.0
200.0
200.0
200.0
200.0
200.0
200.0
200.0
200.0
200.0
200.0
200.0
200.0
200.0
200.0
200.0
200.0
200.0
200.0
200.0
200.0
200.0
200.0
200.0
200.0
200.0
200.0
200.0
200.0
200.0
200.0
200.0
200.0
200.0
200.0
200.0
200.0
200.0
200.0
200.0
200.0
200.0
200.0
200.0
200.0
200.0
200.0
200.0
200.0
200.0
200.0
200.0
200.0
200.0
200.0
200.0
200.0
200.0
200.0
200.0
200.0
200.0
200.0
200.0
200.0
200.0
200.0
200.0
200.0
200.0
200.0
200.0
200.0
200.0
200.0
200.0
200.0
200.0
200.0
200.0
200.0
200.0
200.0
200.0
200.0
200.0
200.0
200.0
200.0
200.0
200.0
200.0
200.0
200.0
200.0
200.0
200.0
200.0
200.0
200.0
200.0
200.0
200.0
200.0
200.0
200.0
200.0
200.0
200.0
200.0
200.0
200.0
200.0
200.0
200.0
200.0
200.0
200.0
200.0
200.0
200.0
200.0
200.0
200.0
200.0
200.0
200.0
200.0
200.0
200.0
200.0
200.0
200.0
200.0
200.0
200.0
200.0
200.0
200.0
200.0
200.0
200.0
200.0
200.0
200.0
200.0
200.0
200.0
200.0
200.0
200.0
200.0
200.0
200.0
200.0
200.0
200.0
200.0
200.0
200.0
200.0
200.0
200.0
200.0
200.0
200.0
200.0
200.0
200.0
200.0
200.0
200.0
200.0
200.0
200.0
200.0
200.0
200.0
200.0
200.0
200.0
200.0
200.0
200.0
200.0
200.0
200.0
200.0
200.0
200.0
200.0
200.0
200.0
200.0
200.0
200.0
200.0
200.0
200.0
200.0
200.0
200.0
200.0
200.0
200.0
200.0
200.0
200.0
200.0
200.0
200.0
200.0
200.0
200.0
200.0
200.0
200.0
200.0
200.0
200.0
200.0
200.0
200.0
200.0
200.0
200.0
200.0
200.0
200.0
200.0
200.0
200.0
200.0
200.0
200.0
200.0
200.0
200.0
200.0
200.0
200.0
200.0
200.0
200.0
200.0
200.0
200.0
200.0
200.0
200.0
200.0
200.0
200.0
200.0
200.0
200.0
200.0
200.0
200.0
200.0
200.0
200.0
200.0
200.0
200.0
200.0
200.0
200.0
200.0
200.0
200.0
200.0
200.0
200.0
200.0
200.0
200.0
200.0
200.0
200.0
200.0
200.0
200.0
200.0
200.0
200.0
200.0
200.0
200.0
200.0
200.0
200.0
200.0
200.0
200.0
200.0
200.0
200.0
200.0
200.0
200.0
200.0
200.0
200.0
200.0
200.0
200.0
200.0
200.0
200.0
200.0
200.0
200.0
200.0
200.0
200.0
200.0
200.0
200.0
200.0
200.0
200.0
200.0
200.0
200.0
200.0
